Script started on Thu Feb  4 12:57:18 2021
[1m[7m%[27m[1m[0m                                                                                                                                                                     ]2;bram@MacBook-Pro-van-Bram-Kragten: ~/Documents/projects/home-assistant/my.home-assistant.io]1;..-assistant.io[0m[27m[24m[J[39m[0m[49m[44m[30m ~/Documents/projects/home-assistant/my.home-assistant.io [43m[34mî‚°[30m î‚  master [49m[33mî‚°[39m [K[?1h=[?2004hscript buildbuild /build[?1l>[?2004l
]2;script/build]1;script/build[2K[1G[1myarn run v1.22.4[22m
[2K[1G[2m$ /Users/bram/Documents/projects/home-assistant/my.home-assistant.io/node_modules/.bin/rollup -c[22m
[36m
[1m./src/entrypoints/app.ts[22m â†’ [1mdist/[22m...[39m
[1m[!] [31m[1m(plugin rpt2) Error: /Users/bram/Documents/projects/home-assistant/my.home-assistant.io/src/util/load_markdown.ts(1,21): semantic error TS2307: [31mCannot find module 'marked'.[31m[1m[39m[22m
src/util/load_markdown.ts
[2mError: /Users/bram/Documents/projects/home-assistant/my.home-assistant.io/src/util/load_markdown.ts(1,21): semantic error TS2307: [31mCannot find module 'marked'.[39m
    at error (/Users/bram/Documents/projects/home-assistant/my.home-assistant.io/node_modules/rollup/dist/rollup.js:9435:30)
    at throwPluginError (/Users/bram/Documents/projects/home-assistant/my.home-assistant.io/node_modules/rollup/dist/rollup.js:15754:12)
    at Object.error (/Users/bram/Documents/projects/home-assistant/my.home-assistant.io/node_modules/rollup/dist/rollup.js:15809:24)
    at Object.error (/Users/bram/Documents/projects/home-assistant/my.home-assistant.io/node_modules/rollup/dist/rollup.js:16192:38)
    at RollupContext.error (/Users/bram/Documents/projects/home-assistant/my.home-assistant.io/node_modules/rollup-plugin-typescript2/src/rollupcontext.ts:37:18)
    at /Users/bram/Documents/projects/home-assistant/my.home-assistant.io/node_modules/rollup-plugin-typescript2/src/print-diagnostics.ts:41:11
    at arrayEach (/Users/bram/Documents/projects/home-assistant/my.home-assistant.io/node_modules/rollup-plugin-typescript2/node_modules/lodash/lodash.js:516:11)
    at forEach (/Users/bram/Documents/projects/home-assistant/my.home-assistant.io/node_modules/rollup-plugin-typescript2/node_modules/lodash/lodash.js:9342:14)
    at _.each (/Users/bram/Documents/projects/home-assistant/my.home-assistant.io/node_modules/rollup-plugin-typescript2/src/print-diagnostics.ts:9:2)
    at Object.transform (/Users/bram/Documents/projects/home-assistant/my.home-assistant.io/node_modules/rollup-plugin-typescript2/src/index.ts:225:5)[22m

[2K[1G[31merror[39m Command failed with exit code 1.
[2K[1G[34minfo[39m Visit [1mhttps://yarnpkg.com/en/docs/cli/run[22m for documentation about this command.
[1m[7m%[27m[1m[0m                                                                                                                                                                     ]2;bram@MacBook-Pro-van-Bram-Kragten: ~/Documents/projects/home-assistant/my.home-assistant.io]1;..-assistant.io[0m[27m[24m[J[39m[0m[49m[40m[39m [31mâœ˜ [44m[30mî‚°[30m ~/Documents/projects/home-assistant/my.home-assistant.io [43m[34mî‚°[30m î‚  master [49m[33mî‚°[39m [K[?1h=[?2004hscript/build[?1l>[?2004l
]2;script/build]1;script/build[2K[1G[1myarn run v1.22.4[22m
[2K[1G[2m$ /Users/bram/Documents/projects/home-assistant/my.home-assistant.io/node_modules/.bin/rollup -c[22m
[36m
[1m./src/entrypoints/app.ts[22m â†’ [1mdist/[22m...[39m
[32mcreated [1mdist/[22m in [1m1.5s[22m[39m
[2K[1Gâœ¨  Done in 2.31s.
[2K[1G[1myarn run v1.22.4[22m
[2K[1G[2m$ /Users/bram/Documents/projects/home-assistant/my.home-assistant.io/node_modules/.bin/gulp gen-entrypoint-prod[22m
[[90m13:04:01[39m] Using gulpfile [35m~/Documents/projects/home-assistant/my.home-assistant.io/gulpfile.js[39m
[[90m13:04:01[39m] Starting '[36mgen-entrypoint-prod[39m'...
[[90m13:04:01[39m] Finished '[36mgen-entrypoint-prod[39m' after [35m2.86 ms[39m
[2K[1Gâœ¨  Done in 0.61s.
[1m[7m%[27m[1m[0m                                                                                                                                                                     ]2;bram@MacBook-Pro-van-Bram-Kragten: ~/Documents/projects/home-assistant/my.home-assistant.io]1;..-assistant.io[0m[27m[24m[J[39m[0m[49m[44m[30m ~/Documents/projects/home-assistant/my.home-assistant.io [43m[34mî‚°[30m î‚  master [49m[33mî‚°[39m [K[?1h=[?2004hscript/build     develop[?1l>[?2004l
]2;script/develop]1;script/develop[2K[1G[1myarn run v1.22.4[22m
[2K[1G[2m$ /Users/bram/Documents/projects/home-assistant/my.home-assistant.io/node_modules/.bin/gulp gen-entrypoint-dev[22m
[[90m13:05:54[39m] Using gulpfile [35m~/Documents/projects/home-assistant/my.home-assistant.io/gulpfile.js[39m
[[90m13:05:54[39m] Starting '[36mgen-entrypoint-dev[39m'...
[[90m13:05:54[39m] Finished '[36mgen-entrypoint-dev[39m' after [35m3.51 ms[39m
[2K[1Gâœ¨  Done in 0.60s.
[2K[1G[1myarn run v1.22.4[22m
[2K[1G[1myarn run v1.22.4[22m
[2K[1G[2m$ /Users/bram/Documents/projects/home-assistant/my.home-assistant.io/node_modules/.bin/serve dist[22m
[2K[1G[2m$ /Users/bram/Documents/projects/home-assistant/my.home-assistant.io/node_modules/.bin/rollup -c --watch[22m
[41mUPDATE AVAILABLE[49m The latest version of `serve` is 11.3.2
c[4mrollup v1.19.4[24m
[36mbundles [1m./src/entrypoints/app.ts[22m â†’ [1mdist[22m...[39m
[32m[39m
[32m   â”Œâ”€â”€â”€â”€â”€â”€â”€â”€â”€â”€â”€â”€â”€â”€â”€â”€â”€â”€â”€â”€â”€â”€â”€â”€â”€â”€â”€â”€â”€â”€â”€â”€â”€â”€â”€â”€â”€â”€â”€â”€â”€â”€â”€â”€â”€â”€â”€â”€â”€â”€â”[39m
   [32mâ”‚[39m                                                  [32mâ”‚[39m
   [32mâ”‚[39m   [32mServing![39m                                       [32mâ”‚[39m
   [32mâ”‚[39m                                                  [32mâ”‚[39m
   [32mâ”‚[39m   [1m- Local:[22m            http://localhost:5000      [32mâ”‚[39m
   [32mâ”‚[39m   [1m- On Your Network:[22m  http://192.168.1.65:5000   [32mâ”‚[39m
   [32mâ”‚[39m                                                  [32mâ”‚[39m
   [32mâ”‚[39m   [90mCopied local address to clipboard![39m             [32mâ”‚[39m
   [32mâ”‚[39m                                                  [32mâ”‚[39m
[32m   â””â”€â”€â”€â”€â”€â”€â”€â”€â”€â”€â”€â”€â”€â”€â”€â”€â”€â”€â”€â”€â”€â”€â”€â”€â”€â”€â”€â”€â”€â”€â”€â”€â”€â”€â”€â”€â”€â”€â”€â”€â”€â”€â”€â”€â”€â”€â”€â”€â”€â”€â”˜[39m
[32m[39m
[32mcreated [1mdist[22m in [1m1.3s[22m[39m

[2021-02-04 13:05:56] waiting for changes...
c[4mrollup v1.19.4[24m
[36mbundles [1m./src/entrypoints/app.ts[22m â†’ [1mdist[22m...[39m
[1m[!] [31m[1m(plugin rpt2) Error: /Users/bram/Documents/projects/home-assistant/my.home-assistant.io/src/layout/my-main.ts(13,8): semantic error TS2307: [31mCannot find module 'home-assistant-js-websocket'.[31m[1m[39m[22m
src/layout/my-main.ts
[2mError: /Users/bram/Documents/projects/home-assistant/my.home-assistant.io/src/layout/my-main.ts(13,8): semantic error TS2307: [31mCannot find module 'home-assistant-js-websocket'.[39m
    at error (/Users/bram/Documents/projects/home-assistant/my.home-assistant.io/node_modules/rollup/dist/rollup.js:9435:30)
    at throwPluginError (/Users/bram/Documents/projects/home-assistant/my.home-assistant.io/node_modules/rollup/dist/rollup.js:15754:12)
    at Object.error (/Users/bram/Documents/projects/home-assistant/my.home-assistant.io/node_modules/rollup/dist/rollup.js:15809:24)
    at Object.error (/Users/bram/Documents/projects/home-assistant/my.home-assistant.io/node_modules/rollup/dist/rollup.js:16192:38)
    at RollupContext.error (/Users/bram/Documents/projects/home-assistant/my.home-assistant.io/node_modules/rollup-plugin-typescript2/src/rollupcontext.ts:37:18)
    at /Users/bram/Documents/projects/home-assistant/my.home-assistant.io/node_modules/rollup-plugin-typescript2/src/print-diagnostics.ts:41:11
    at arrayEach (/Users/bram/Documents/projects/home-assistant/my.home-assistant.io/node_modules/rollup-plugin-typescript2/node_modules/lodash/lodash.js:516:11)
    at forEach (/Users/bram/Documents/projects/home-assistant/my.home-assistant.io/node_modules/rollup-plugin-typescript2/node_modules/lodash/lodash.js:9342:14)
    at _.each (/Users/bram/Documents/projects/home-assistant/my.home-assistant.io/node_modules/rollup-plugin-typescript2/src/print-diagnostics.ts:9:2)
    at Object.transform (/Users/bram/Documents/projects/home-assistant/my.home-assistant.io/node_modules/rollup-plugin-typescript2/src/index.ts:225:5)[22m

c[4mrollup v1.19.4[24m
[36mbundles [1m./src/entrypoints/app.ts[22m â†’ [1mdist[22m...[39m
[1m[!] [31m[1m(plugin rpt2) Error: /Users/bram/Documents/projects/home-assistant/my.home-assistant.io/src/layout/my-main.ts(13,8): semantic error TS2307: [31mCannot find module 'home-assistant-js-websocket'.[31m[1m[39m[22m
src/layout/my-main.ts
[2mError: /Users/bram/Documents/projects/home-assistant/my.home-assistant.io/src/layout/my-main.ts(13,8): semantic error TS2307: [31mCannot find module 'home-assistant-js-websocket'.[39m
    at error (/Users/bram/Documents/projects/home-assistant/my.home-assistant.io/node_modules/rollup/dist/rollup.js:9435:30)
    at throwPluginError (/Users/bram/Documents/projects/home-assistant/my.home-assistant.io/node_modules/rollup/dist/rollup.js:15754:12)
    at Object.error (/Users/bram/Documents/projects/home-assistant/my.home-assistant.io/node_modules/rollup/dist/rollup.js:15809:24)
    at Object.error (/Users/bram/Documents/projects/home-assistant/my.home-assistant.io/node_modules/rollup/dist/rollup.js:16192:38)
    at RollupContext.error (/Users/bram/Documents/projects/home-assistant/my.home-assistant.io/node_modules/rollup-plugin-typescript2/src/rollupcontext.ts:37:18)
    at /Users/bram/Documents/projects/home-assistant/my.home-assistant.io/node_modules/rollup-plugin-typescript2/src/print-diagnostics.ts:41:11
    at arrayEach (/Users/bram/Documents/projects/home-assistant/my.home-assistant.io/node_modules/rollup-plugin-typescript2/node_modules/lodash/lodash.js:516:11)
    at forEach (/Users/bram/Documents/projects/home-assistant/my.home-assistant.io/node_modules/rollup-plugin-typescript2/node_modules/lodash/lodash.js:9342:14)
    at _.each (/Users/bram/Documents/projects/home-assistant/my.home-assistant.io/node_modules/rollup-plugin-typescript2/src/print-diagnostics.ts:9:2)
    at Object.transform (/Users/bram/Documents/projects/home-assistant/my.home-assistant.io/node_modules/rollup-plugin-typescript2/src/index.ts:225:5)[22m

c[4mrollup v1.19.4[24m
[36mbundles [1m./src/entrypoints/app.ts[22m â†’ [1mdist[22m...[39m
[1m[!] [31m[1m(plugin rpt2) Error: /Users/bram/Documents/projects/home-assistant/my.home-assistant.io/src/layout/my-main.ts(13,8): semantic error TS2307: [31mCannot find module 'home-assistant-js-websocket'.[31m[1m[39m[22m
src/layout/my-main.ts
[2mError: /Users/bram/Documents/projects/home-assistant/my.home-assistant.io/src/layout/my-main.ts(13,8): semantic error TS2307: [31mCannot find module 'home-assistant-js-websocket'.[39m
    at error (/Users/bram/Documents/projects/home-assistant/my.home-assistant.io/node_modules/rollup/dist/rollup.js:9435:30)
    at throwPluginError (/Users/bram/Documents/projects/home-assistant/my.home-assistant.io/node_modules/rollup/dist/rollup.js:15754:12)
    at Object.error (/Users/bram/Documents/projects/home-assistant/my.home-assistant.io/node_modules/rollup/dist/rollup.js:15809:24)
    at Object.error (/Users/bram/Documents/projects/home-assistant/my.home-assistant.io/node_modules/rollup/dist/rollup.js:16192:38)
    at RollupContext.error (/Users/bram/Documents/projects/home-assistant/my.home-assistant.io/node_modules/rollup-plugin-typescript2/src/rollupcontext.ts:37:18)
    at /Users/bram/Documents/projects/home-assistant/my.home-assistant.io/node_modules/rollup-plugin-typescript2/src/print-diagnostics.ts:41:11
    at arrayEach (/Users/bram/Documents/projects/home-assistant/my.home-assistant.io/node_modules/rollup-plugin-typescript2/node_modules/lodash/lodash.js:516:11)
    at forEach (/Users/bram/Documents/projects/home-assistant/my.home-assistant.io/node_modules/rollup-plugin-typescript2/node_modules/lodash/lodash.js:9342:14)
    at _.each (/Users/bram/Documents/projects/home-assistant/my.home-assistant.io/node_modules/rollup-plugin-typescript2/src/print-diagnostics.ts:9:2)
    at Object.transform (/Users/bram/Documents/projects/home-assistant/my.home-assistant.io/node_modules/rollup-plugin-typescript2/src/index.ts:225:5)[22m

c[4mrollup v1.19.4[24m
[36mbundles [1m./src/entrypoints/app.ts[22m â†’ [1mdist[22m...[39m
[1m[!] [31m[1m(plugin rpt2) Error: /Users/bram/Documents/projects/home-assistant/my.home-assistant.io/src/layout/my-main.ts(10,3): semantic error TS2305: [31mModule '"../../../../../../../../Users/bram/Documents/projects/home-assistant/my.home-assistant.io/node_modules/lit-element/lit-element"' has no exported member 'internalProperty'.[31m[1m[39m[22m
src/layout/my-main.ts
[2mError: /Users/bram/Documents/projects/home-assistant/my.home-assistant.io/src/layout/my-main.ts(10,3): semantic error TS2305: [31mModule '"../../../../../../../../Users/bram/Documents/projects/home-assistant/my.home-assistant.io/node_modules/lit-element/lit-element"' has no exported member 'internalProperty'.[39m
    at error (/Users/bram/Documents/projects/home-assistant/my.home-assistant.io/node_modules/rollup/dist/rollup.js:9435:30)
    at throwPluginError (/Users/bram/Documents/projects/home-assistant/my.home-assistant.io/node_modules/rollup/dist/rollup.js:15754:12)
    at Object.error (/Users/bram/Documents/projects/home-assistant/my.home-assistant.io/node_modules/rollup/dist/rollup.js:15809:24)
    at Object.error (/Users/bram/Documents/projects/home-assistant/my.home-assistant.io/node_modules/rollup/dist/rollup.js:16192:38)
    at RollupContext.error (/Users/bram/Documents/projects/home-assistant/my.home-assistant.io/node_modules/rollup-plugin-typescript2/src/rollupcontext.ts:37:18)
    at /Users/bram/Documents/projects/home-assistant/my.home-assistant.io/node_modules/rollup-plugin-typescript2/src/print-diagnostics.ts:41:11
    at arrayEach (/Users/bram/Documents/projects/home-assistant/my.home-assistant.io/node_modules/rollup-plugin-typescript2/node_modules/lodash/lodash.js:516:11)
    at forEach (/Users/bram/Documents/projects/home-assistant/my.home-assistant.io/node_modules/rollup-plugin-typescript2/node_modules/lodash/lodash.js:9342:14)
    at _.each (/Users/bram/Documents/projects/home-assistant/my.home-assistant.io/node_modules/rollup-plugin-typescript2/src/print-diagnostics.ts:9:2)
    at Object.transform (/Users/bram/Documents/projects/home-assistant/my.home-assistant.io/node_modules/rollup-plugin-typescript2/src/index.ts:225:5)[22m

c[4mrollup v1.19.4[24m
[36mbundles [1m./src/entrypoints/app.ts[22m â†’ [1mdist[22m...[39m
[1m[!] [31m[1m(plugin rpt2) Error: /Users/bram/Documents/projects/home-assistant/my.home-assistant.io/src/layout/my-main.ts(10,3): semantic error TS2305: [31mModule '"../../../../../../../../Users/bram/Documents/projects/home-assistant/my.home-assistant.io/node_modules/lit-element/lit-element"' has no exported member 'internalProperty'.[31m[1m[39m[22m
src/layout/my-main.ts
[2mError: /Users/bram/Documents/projects/home-assistant/my.home-assistant.io/src/layout/my-main.ts(10,3): semantic error TS2305: [31mModule '"../../../../../../../../Users/bram/Documents/projects/home-assistant/my.home-assistant.io/node_modules/lit-element/lit-element"' has no exported member 'internalProperty'.[39m
    at error (/Users/bram/Documents/projects/home-assistant/my.home-assistant.io/node_modules/rollup/dist/rollup.js:9435:30)
    at throwPluginError (/Users/bram/Documents/projects/home-assistant/my.home-assistant.io/node_modules/rollup/dist/rollup.js:15754:12)
    at Object.error (/Users/bram/Documents/projects/home-assistant/my.home-assistant.io/node_modules/rollup/dist/rollup.js:15809:24)
    at Object.error (/Users/bram/Documents/projects/home-assistant/my.home-assistant.io/node_modules/rollup/dist/rollup.js:16192:38)
    at RollupContext.error (/Users/bram/Documents/projects/home-assistant/my.home-assistant.io/node_modules/rollup-plugin-typescript2/src/rollupcontext.ts:37:18)
    at /Users/bram/Documents/projects/home-assistant/my.home-assistant.io/node_modules/rollup-plugin-typescript2/src/print-diagnostics.ts:41:11
    at arrayEach (/Users/bram/Documents/projects/home-assistant/my.home-assistant.io/node_modules/rollup-plugin-typescript2/node_modules/lodash/lodash.js:516:11)
    at forEach (/Users/bram/Documents/projects/home-assistant/my.home-assistant.io/node_modules/rollup-plugin-typescript2/node_modules/lodash/lodash.js:9342:14)
    at _.each (/Users/bram/Documents/projects/home-assistant/my.home-assistant.io/node_modules/rollup-plugin-typescript2/src/print-diagnostics.ts:9:2)
    at Object.transform (/Users/bram/Documents/projects/home-assistant/my.home-assistant.io/node_modules/rollup-plugin-typescript2/src/index.ts:225:5)[22m

c[4mrollup v1.19.4[24m
[36mbundles [1m./src/entrypoints/app.ts[22m â†’ [1mdist[22m...[39m
[1m[!] [31m[1m(plugin rpt2) Error: /Users/bram/Documents/projects/home-assistant/my.home-assistant.io/src/layout/my-main.ts(10,3): semantic error TS2305: [31mModule '"../../../../../../../../Users/bram/Documents/projects/home-assistant/my.home-assistant.io/node_modules/lit-element/lit-element"' has no exported member 'internalProperty'.[31m[1m[39m[22m
src/layout/my-main.ts
[2mError: /Users/bram/Documents/projects/home-assistant/my.home-assistant.io/src/layout/my-main.ts(10,3): semantic error TS2305: [31mModule '"../../../../../../../../Users/bram/Documents/projects/home-assistant/my.home-assistant.io/node_modules/lit-element/lit-element"' has no exported member 'internalProperty'.[39m
    at error (/Users/bram/Documents/projects/home-assistant/my.home-assistant.io/node_modules/rollup/dist/rollup.js:9435:30)
    at throwPluginError (/Users/bram/Documents/projects/home-assistant/my.home-assistant.io/node_modules/rollup/dist/rollup.js:15754:12)
    at Object.error (/Users/bram/Documents/projects/home-assistant/my.home-assistant.io/node_modules/rollup/dist/rollup.js:15809:24)
    at Object.error (/Users/bram/Documents/projects/home-assistant/my.home-assistant.io/node_modules/rollup/dist/rollup.js:16192:38)
    at RollupContext.error (/Users/bram/Documents/projects/home-assistant/my.home-assistant.io/node_modules/rollup-plugin-typescript2/src/rollupcontext.ts:37:18)
    at /Users/bram/Documents/projects/home-assistant/my.home-assistant.io/node_modules/rollup-plugin-typescript2/src/print-diagnostics.ts:41:11
    at arrayEach (/Users/bram/Documents/projects/home-assistant/my.home-assistant.io/node_modules/rollup-plugin-typescript2/node_modules/lodash/lodash.js:516:11)
    at forEach (/Users/bram/Documents/projects/home-assistant/my.home-assistant.io/node_modules/rollup-plugin-typescript2/node_modules/lodash/lodash.js:9342:14)
    at _.each (/Users/bram/Documents/projects/home-assistant/my.home-assistant.io/node_modules/rollup-plugin-typescript2/src/print-diagnostics.ts:9:2)
    at Object.transform (/Users/bram/Documents/projects/home-assistant/my.home-assistant.io/node_modules/rollup-plugin-typescript2/src/index.ts:225:5)[22m

^C
[35mINFO:[39m Gracefully shutting down. Please wait...

[1m[7m%[27m[1m[0m                                                                                                                                                                     ]2;bram@MacBook-Pro-van-Bram-Kragten: ~/Documents/projects/home-assistant/my.home-assistant.io]1;..-assistant.io[0m[27m[24m[J[39m[0m[49m[40m[39m [31mâœ˜ [44m[30mî‚°[30m ~/Documents/projects/home-assistant/my.home-assistant.io [43m[34mî‚°[30m î‚  master [49m[33mî‚°[39m [K[?1h=[?2004hyyarn update lit-element[?1l>[?2004l
]2;yarn update lit-element]1;yarn[2K[1G[1myarn run v1.22.4[22m
[2K[1G[31merror[39m Command "update" not found.
[2K[1G[34minfo[39m Visit [1mhttps://yarnpkg.com/en/docs/cli/run[22m for documentation about this command.
[1m[7m%[27m[1m[0m                                                                                                                                                                     ]2;bram@MacBook-Pro-van-Bram-Kragten: ~/Documents/projects/home-assistant/my.home-assistant.io]1;..-assistant.io[0m[27m[24m[J[39m[0m[49m[40m[39m [31mâœ˜ [44m[30mî‚°[30m ~/Documents/projects/home-assistant/my.home-assistant.io [43m[34mî‚°[30m î‚  master [49m[33mî‚°[39m [K[?1h=[?2004hyarn update lit-element[P[12C [13D[P[12C [13D[P[12C [13D[P[12C [13Dg lit-element[12Dr lit-element[12Da lit-element[12Dd lit-element[12De lit-element[12D[?1l>[?2004l
]2;yarn upgrade lit-element]1;yarn[2K[1G[1myarn upgrade v1.22.4[22m
[2K[1G[2m[1/4][22m ğŸ”  Resolving packages...
[1Gâ  [0K[1Gâ ‚ lit-html@^1.1.1[0K[2K[1G[2K[1G[2m[2/4][22m ğŸšš  Fetching packages...
[2K[1G[1G[------------------------------------------------------------------------------------------------------------------------------------------------------------] 0/431[1G[###############################################-----------------------------------------------------------------------------------------------------------] 132/431[1G[######################################################################################--------------------------------------------------------------------] 242/431[1G[#########################################################################################################################################-----------------] 384/431[2K[1G[2m[3/4][22m ğŸ”—  Linking dependencies...
[1G[##########################################################################################################################################################] 431/431[2K[1G[2K[1G[1G[------------------------------------------------------------------------------------------------------------------------------------------------------------] 0/470[2K[1G[2K[1G[1G[------------------------------------------------------------------------------------------------------------------------------------------------------------] 0/252[1G[##########################################################################################################################################################] 252/252[2K[1G[2K[1G[1G[------------------------------------------------------------------------------------------------------------------------------------------------------------] 0/866[1G[################################################################################################----------------------------------------------------------] 542/866[1G[##########################################################################################################################################################] 866/866[2K[1G[2m[4/4][22m ğŸ”¨  Rebuilding all packages...
[1Gâ  [0K[1G[2m[1/1][22m â ‚ fsevents[0K[1G[2m[1/1][22m â „ fsevents[0K[1G[2m[1/1][22m â¡€ fsevents[0K[1G[2m[1/1][22m â¢€ fsevents[0K[1G[2m[1/1][22m â   fsevents[0K[1G[2m[1/1][22m â  fsevents[0K[1G[2m[1/1][22m â ˆ fsevents[0K[1G[2m[1/1][22m â  fsevents[0K[2K[1G[2K[1G[32msuccess[39m Saved lockfile.
[2K[1G[32msuccess[39m Saved 2 new dependencies.
[2K[1G[34minfo[39m Direct dependencies
[2K[1Gâ””â”€ lit-element@2.4.0
[2K[1G[34minfo[39m All dependencies
â”œâ”€ lit-element@2.4.0
â””â”€ lit-html@1.3.0
[2K[1Gâœ¨  Done in 1.87s.
[1m[7m%[27m[1m[0m                                                                                                                                                                     ]2;bram@MacBook-Pro-van-Bram-Kragten: ~/Documents/projects/home-assistant/my.home-assistant.io]1;..-assistant.io[0m[27m[24m[J[39m[0m[49m[44m[30m ~/Documents/projects/home-assistant/my.home-assistant.io [43m[34mî‚°[30m î‚  master [49m[33mî‚°[39m [K[?1h=[?2004hyyarn add @material/mwc-button[?1l>[?2004l
]2;yarn add @material/mwc-button]1;yarn[2K[1G[1myarn add v1.22.4[22m
[2K[1G[2m[1/4][22m ğŸ”  Resolving packages...
[1Gâ  [0K[1Gâ ‚ @material/mwc-button[0K[1Gâ „ @material/mwc-button[0K[1Gâ¡€ @material/mwc-button[0K[1Gâ¢€ @material/mwc-button[0K[1Gâ   @material/mwc-button[0K[1Gâ  tslib@^2.0.1[0K[1Gâ ˆ tslib@^2.0.1[0K[1Gâ  tslib@^2.0.1[0K[1Gâ ‚ tslib@^2.0.1[0K[1Gâ „ tslib@^2.0.1[0K[1Gâ¡€ tslib@^2.0.1[0K[1Gâ¢€ tslib@^2.0.1[0K[1Gâ   tslib@^2.0.1[0K[1Gâ  tslib@^1.9.3[0K[1Gâ ˆ tslib@^2.0.1[0K[1Gâ  tslib@^1.9.3[0K[1Gâ ‚ tslib@^1.9.3[0K[1Gâ „ tslib@^1.9.3[0K[2K[1G[2K[1G[2m[2/4][22m ğŸšš  Fetching packages...
[2K[1G[1G[------------------------------------------------------------------------------------------------------------------------------------------------------------] 0/443[1G[########################################################--------------------------------------------------------------------------------------------------] 160/443[1G[############################################################################################################----------------------------------------------] 312/443[1G[#########################################################################################################################################################-] 441/443[2K[1G[2m[3/4][22m ğŸ”—  Linking dependencies...
[1G[##########################################################################################################################################################] 443/443[2K[1G[2K[1G[1G[------------------------------------------------------------------------------------------------------------------------------------------------------------] 0/485[2K[1G[2K[1G[1G[------------------------------------------------------------------------------------------------------------------------------------------------------------] 0/317[1G[############################################################################################################################------------------------------] 256/317[2K[1G[2K[1G[1G[------------------------------------------------------------------------------------------------------------------------------------------------------------] 0/891[1G[##########################################################------------------------------------------------------------------------------------------------] 334/891[1G[#################################################################################################################################-------------------------] 744/891[2K[1G[2m[4/4][22m ğŸ”¨  Building fresh packages...
[1B[1G[##########################################################################################################################################################] 891/891[2K[1G[32msuccess[39m Saved lockfile.
[2K[1G[32msuccess[39m Saved 8 new dependencies.
[2K[1G[34minfo[39m Direct dependencies
[2K[1Gâ””â”€ @material/mwc-button@0.20.0
[2K[1G[34minfo[39m All dependencies
â”œâ”€ @material/animation@9.0.0-canary.1c156d69d.0
â”œâ”€ @material/base@9.0.0-canary.1c156d69d.0
â”œâ”€ @material/mwc-base@0.20.0
â”œâ”€ @material/mwc-button@0.20.0
â”œâ”€ @material/mwc-icon@0.20.0
â”œâ”€ @material/mwc-ripple@0.20.0
â”œâ”€ @material/ripple@9.0.0-canary.1c156d69d.0
â””â”€ @material/theme@9.0.0-canary.1c156d69d.0
[2K[1Gâœ¨  Done in 2.26s.
[1m[7m%[27m[1m[0m                                                                                                                                                                     ]2;bram@MacBook-Pro-van-Bram-Kragten: ~/Documents/projects/home-assistant/my.home-assistant.io]1;..-assistant.io[0m[27m[24m[J[39m[0m[49m[44m[30m ~/Documents/projects/home-assistant/my.home-assistant.io [43m[34mî‚°[30m î‚  master [49m[33mî‚°[39m [K[?1h=[?2004hyarn add @material/mwc-button[24Dupgrade lit-element     [19Dadd @material/mwc-button[29D                             [29Dyarn add @material/mwc-button                    [7m@polymer/paper-input[27m[20D[27m@[27mp[27mo[27ml[27my[27mm[27me[27mr[27m/[27mp[27ma[27mp[27me[27mr[27m-[27mi[27mn[27mp[27mu[27mt[?1l>[?2004l
]2;yarn add @polymer/paper-input]1;yarn[2K[1G[1myarn add v1.22.4[22m
[2K[1G[2m[1/4][22m ğŸ”  Resolving packages...
[1Gâ  [0K[1Gâ ‚ @polymer/paper-input[0K[1Gâ „ @polymer/paper-input[0K[1Gâ¡€ @polymer/paper-input[0K[1Gâ¢€ @polymer/paper-input[0K[1Gâ   @polymer/iron-form-element-behavior@^3.0.0-pre.26[0K[1Gâ  @polymer/iron-form-element-behavior@^3.0.0-pre.26[0K[1Gâ ˆ @polymer/iron-form-element-behavior@^3.0.0-pre.26[0K[1Gâ  @polymer/polymer@^3.0.0[0K[1Gâ ‚ @polymer/polymer@^3.0.0[0K[1Gâ „ @polymer/polymer@^3.0.0[0K[1Gâ¡€ @polymer/polymer@^3.0.0[0K[1Gâ¢€ @polymer/polymer@^3.0.0[0K[1Gâ   @polymer/polymer@^3.0.0[0K[1Gâ  @polymer/polymer@^3.0.0[0K[1Gâ ˆ @polymer/polymer@^3.0.0[0K[1Gâ  @polymer/polymer@^3.0.0[0K[1Gâ ‚ @polymer/polymer@^3.0.0[0K[1Gâ „ @polymer/polymer@^3.0.0[0K[1Gâ¡€ @polymer/polymer@^3.0.0[0K[1Gâ¢€ @polymer/polymer@^3.0.0[0K[1Gâ   @polymer/polymer@^3.0.0[0K[1Gâ  @polymer/polymer@^3.0.0[0K[1Gâ ˆ @polymer/polymer@^3.0.0[0K[1Gâ  @polymer/polymer@^3.0.0[0K[1Gâ ‚ @polymer/polymer@^3.0.0[0K[1Gâ „ @polymer/polymer@^3.0.0[0K[1Gâ¡€ @polymer/polymer@^3.0.0[0K[1Gâ¢€ @polymer/polymer@^3.0.0[0K[1Gâ   @polymer/polymer@^3.0.0[0K[1Gâ  @polymer/polymer@^3.0.0[0K[1Gâ ˆ @polymer/polymer@^3.0.0[0K[1Gâ  @polymer/polymer@^3.0.0[0K[1Gâ ‚ @polymer/polymer@^3.0.0[0K[1Gâ „ @webcomponents/shadycss@^1.9.1[0K[1Gâ¡€ @webcomponents/shadycss@^1.9.1[0K[2K[1G[2K[1G[2m[2/4][22m ğŸšš  Fetching packages...
[2K[1G[1G[------------------------------------------------------------------------------------------------------------------------------------------------------------] 0/457[1G[###################----------------------------------------------------------------------------------------------------------------------------------------] 57/457[1G[###############################################################-------------------------------------------------------------------------------------------] 187/457[1G[#########################################################################################################-------------------------------------------------] 313/457[1G[##########################################################################################################################################----------------] 411/457[1G[#########################################################################################################################################################-] 453/457[1G[#########################################################################################################################################################-] 455/457[1G[##########################################################################################################################################################] 456/457[2K[1G[2m[3/4][22m ğŸ”—  Linking dependencies...
[1G[##########################################################################################################################################################] 457/457[2K[1G[2K[1G[1G[------------------------------------------------------------------------------------------------------------------------------------------------------------] 0/499[2K[1G[2K[1G[1G[------------------------------------------------------------------------------------------------------------------------------------------------------------] 0/289[1G[########################################################################################################################################------------------] 256/289[1G[##########################################################################################################################################################] 289/289[2K[1G[2K[1G[1G[------------------------------------------------------------------------------------------------------------------------------------------------------------] 0/919[1G[####################################################################################################------------------------------------------------------] 598/919[1G[##########################################################################################################################################################] 919/919[2K[1G[2m[4/4][22m ğŸ”¨  Building fresh packages...
[1B[2K[1G[32msuccess[39m Saved lockfile.
[2K[1G[32msuccess[39m Saved 9 new dependencies.
[2K[1G[34minfo[39m Direct dependencies
[2K[1Gâ””â”€ @polymer/paper-input@3.2.1
[2K[1G[34minfo[39m All dependencies
â”œâ”€ @polymer/font-roboto@3.0.2
â”œâ”€ @polymer/iron-a11y-announcer@3.1.0
â”œâ”€ @polymer/iron-autogrow-textarea@3.0.3
â”œâ”€ @polymer/iron-form-element-behavior@3.0.1
â”œâ”€ @polymer/iron-input@3.0.1
â”œâ”€ @polymer/iron-meta@3.0.1
â”œâ”€ @polymer/paper-input@3.2.1
â”œâ”€ @polymer/paper-styles@3.0.1
â””â”€ @webcomponents/shadycss@1.10.2
[2K[1Gâœ¨  Done in 4.24s.
[1m[7m%[27m[1m[0m                                                                                                                                                                     ]2;bram@MacBook-Pro-van-Bram-Kragten: ~/Documents/projects/home-assistant/my.home-assistant.io]1;..-assistant.io[0m[27m[24m[J[39m[0m[49m[44m[30m ~/Documents/projects/home-assistant/my.home-assistant.io [43m[34mî‚°[30m î‚  master [49m[33mî‚°[39m [K[?1h=[?2004hy sscript/develop[?1l>[?2004l
]2;script/develop]1;script/develop[2K[1G[1myarn run v1.22.4[22m
[2K[1G[2m$ /Users/bram/Documents/projects/home-assistant/my.home-assistant.io/node_modules/.bin/gulp gen-entrypoint-dev[22m
[[90m13:17:27[39m] Using gulpfile [35m~/Documents/projects/home-assistant/my.home-assistant.io/gulpfile.js[39m
[[90m13:17:27[39m] Starting '[36mgen-entrypoint-dev[39m'...
[[90m13:17:27[39m] Finished '[36mgen-entrypoint-dev[39m' after [35m2.04 ms[39m
[2K[1Gâœ¨  Done in 0.61s.
[2K[1G[1myarn run v1.22.4[22m
[2K[1G[1myarn run v1.22.4[22m
[2K[1G[2m$ /Users/bram/Documents/projects/home-assistant/my.home-assistant.io/node_modules/.bin/serve dist[22m
[2K[1G[2m$ /Users/bram/Documents/projects/home-assistant/my.home-assistant.io/node_modules/.bin/rollup -c --watch[22m
[41mUPDATE AVAILABLE[49m The latest version of `serve` is 11.3.2
[32m[39m
[32m   â”Œâ”€â”€â”€â”€â”€â”€â”€â”€â”€â”€â”€â”€â”€â”€â”€â”€â”€â”€â”€â”€â”€â”€â”€â”€â”€â”€â”€â”€â”€â”€â”€â”€â”€â”€â”€â”€â”€â”€â”€â”€â”€â”€â”€â”€â”€â”€â”€â”€â”€â”€â”[39m
   [32mâ”‚[39m                                                  [32mâ”‚[39m
   [32mâ”‚[39m   [32mServing![39m                                       [32mâ”‚[39m
   [32mâ”‚[39m                                                  [32mâ”‚[39m
   [32mâ”‚[39m   [1m- Local:[22m            http://localhost:5000      [32mâ”‚[39m
   [32mâ”‚[39m   [1m- On Your Network:[22m  http://192.168.1.65:5000   [32mâ”‚[39m
   [32mâ”‚[39m                                                  [32mâ”‚[39m
   [32mâ”‚[39m   [90mCopied local address to clipboard![39m             [32mâ”‚[39m
   [32mâ”‚[39m                                                  [32mâ”‚[39m
[32m   â””â”€â”€â”€â”€â”€â”€â”€â”€â”€â”€â”€â”€â”€â”€â”€â”€â”€â”€â”€â”€â”€â”€â”€â”€â”€â”€â”€â”€â”€â”€â”€â”€â”€â”€â”€â”€â”€â”€â”€â”€â”€â”€â”€â”€â”€â”€â”€â”€â”€â”€â”˜[39m
[32m[39m
c[4mrollup v1.19.4[24m
[36mbundles [1m./src/entrypoints/app.ts[22m â†’ [1mdist[22m...[39m
[1m[!] [31m[1m(plugin rpt2) Error: /Users/bram/Documents/projects/home-assistant/my.home-assistant.io/src/layout/my-main.ts(18,31): semantic error TS6133: [31m'loading' is declared but its value is never read.[31m[1m[39m[22m
src/layout/my-main.ts
[2mError: /Users/bram/Documents/projects/home-assistant/my.home-assistant.io/src/layout/my-main.ts(18,31): semantic error TS6133: [31m'loading' is declared but its value is never read.[39m
    at error (/Users/bram/Documents/projects/home-assistant/my.home-assistant.io/node_modules/rollup/dist/rollup.js:9435:30)
    at throwPluginError (/Users/bram/Documents/projects/home-assistant/my.home-assistant.io/node_modules/rollup/dist/rollup.js:15754:12)
    at Object.error (/Users/bram/Documents/projects/home-assistant/my.home-assistant.io/node_modules/rollup/dist/rollup.js:15809:24)
    at Object.error (/Users/bram/Documents/projects/home-assistant/my.home-assistant.io/node_modules/rollup/dist/rollup.js:16192:38)
    at RollupContext.error (/Users/bram/Documents/projects/home-assistant/my.home-assistant.io/node_modules/rollup-plugin-typescript2/src/rollupcontext.ts:37:18)
    at /Users/bram/Documents/projects/home-assistant/my.home-assistant.io/node_modules/rollup-plugin-typescript2/src/print-diagnostics.ts:41:11
    at arrayEach (/Users/bram/Documents/projects/home-assistant/my.home-assistant.io/node_modules/rollup-plugin-typescript2/node_modules/lodash/lodash.js:516:11)
    at forEach (/Users/bram/Documents/projects/home-assistant/my.home-assistant.io/node_modules/rollup-plugin-typescript2/node_modules/lodash/lodash.js:9342:14)
    at _.each (/Users/bram/Documents/projects/home-assistant/my.home-assistant.io/node_modules/rollup-plugin-typescript2/src/print-diagnostics.ts:9:2)
    at Object.transform (/Users/bram/Documents/projects/home-assistant/my.home-assistant.io/node_modules/rollup-plugin-typescript2/src/index.ts:225:5)[22m

[33m1[39m
[2K[1G[31merror[39m Command failed with exit code 1.
[2K[1G[34minfo[39m Visit [1mhttps://yarnpkg.com/en/docs/cli/run[22m for documentation about this command.
[1m[7m%[27m[1m[0m                                                                                                                                                                     ]2;bram@MacBook-Pro-van-Bram-Kragten: ~/Documents/projects/home-assistant/my.home-assistant.io]1;..-assistant.io[0m[27m[24m[J[39m[0m[49m[40m[39m [31mâœ˜ [44m[30mî‚°[30m ~/Documents/projects/home-assistant/my.home-assistant.io [43m[34mî‚°[30m î‚  master [49m[33mî‚°[39m [K[?1h=[?2004hscript/develop[14D              [14Dscript/develop[?1l>[?2004l
]2;script/develop]1;script/develop[2K[1G[1myarn run v1.22.4[22m
[2K[1G[2m$ /Users/bram/Documents/projects/home-assistant/my.home-assistant.io/node_modules/.bin/gulp gen-entrypoint-dev[22m
[[90m13:17:55[39m] Using gulpfile [35m~/Documents/projects/home-assistant/my.home-assistant.io/gulpfile.js[39m
[[90m13:17:55[39m] Starting '[36mgen-entrypoint-dev[39m'...
[[90m13:17:55[39m] Finished '[36mgen-entrypoint-dev[39m' after [35m2.16 ms[39m
[2K[1Gâœ¨  Done in 0.50s.
[2K[1G[1myarn run v1.22.4[22m
[2K[1G[1myarn run v1.22.4[22m
[2K[1G[2m$ /Users/bram/Documents/projects/home-assistant/my.home-assistant.io/node_modules/.bin/serve dist[22m
[2K[1G[2m$ /Users/bram/Documents/projects/home-assistant/my.home-assistant.io/node_modules/.bin/rollup -c --watch[22m
[41mUPDATE AVAILABLE[49m The latest version of `serve` is 11.3.2
[32m[39m
[32m   â”Œâ”€â”€â”€â”€â”€â”€â”€â”€â”€â”€â”€â”€â”€â”€â”€â”€â”€â”€â”€â”€â”€â”€â”€â”€â”€â”€â”€â”€â”€â”€â”€â”€â”€â”€â”€â”€â”€â”€â”€â”€â”€â”€â”€â”€â”€â”€â”€â”€â”€â”€â”€â”[39m
   [32mâ”‚[39m                                                   [32mâ”‚[39m
   [32mâ”‚[39m   [32mServing![39m                                        [32mâ”‚[39m
   [32mâ”‚[39m                                                   [32mâ”‚[39m
   [32mâ”‚[39m   [1m- Local:[22m            http://localhost:59988      [32mâ”‚[39m
   [32mâ”‚[39m   [1m- On Your Network:[22m  http://192.168.1.65:59988[31m[39m   [32mâ”‚[39m
   [32mâ”‚[39m   [31m[39m                                                [32mâ”‚[39m
   [32mâ”‚[39m   [31mThis port was picked because [4m5000[24m is in use.[39m    [32mâ”‚[39m
   [32mâ”‚[39m                                                   [32mâ”‚[39m
   [32mâ”‚[39m   [90mCopied local address to clipboard![39m              [32mâ”‚[39m
   [32mâ”‚[39m                                                   [32mâ”‚[39m
[32m   â””â”€â”€â”€â”€â”€â”€â”€â”€â”€â”€â”€â”€â”€â”€â”€â”€â”€â”€â”€â”€â”€â”€â”€â”€â”€â”€â”€â”€â”€â”€â”€â”€â”€â”€â”€â”€â”€â”€â”€â”€â”€â”€â”€â”€â”€â”€â”€â”€â”€â”€â”€â”˜[39m
[32m[39m
c[4mrollup v1.19.4[24m
[36mbundles [1m./src/entrypoints/app.ts[22m â†’ [1mdist[22m...[39m
[1m[!] [31m[1m(plugin rpt2) Error: /Users/bram/Documents/projects/home-assistant/my.home-assistant.io/src/layout/my-main.ts(67,9): semantic error TS6133: [31m'url' is declared but its value is never read.[31m[1m[39m[22m
src/layout/my-main.ts
[2mError: /Users/bram/Documents/projects/home-assistant/my.home-assistant.io/src/layout/my-main.ts(67,9): semantic error TS6133: [31m'url' is declared but its value is never read.[39m
    at error (/Users/bram/Documents/projects/home-assistant/my.home-assistant.io/node_modules/rollup/dist/rollup.js:9435:30)
    at throwPluginError (/Users/bram/Documents/projects/home-assistant/my.home-assistant.io/node_modules/rollup/dist/rollup.js:15754:12)
    at Object.error (/Users/bram/Documents/projects/home-assistant/my.home-assistant.io/node_modules/rollup/dist/rollup.js:15809:24)
    at Object.error (/Users/bram/Documents/projects/home-assistant/my.home-assistant.io/node_modules/rollup/dist/rollup.js:16192:38)
    at RollupContext.error (/Users/bram/Documents/projects/home-assistant/my.home-assistant.io/node_modules/rollup-plugin-typescript2/src/rollupcontext.ts:37:18)
    at /Users/bram/Documents/projects/home-assistant/my.home-assistant.io/node_modules/rollup-plugin-typescript2/src/print-diagnostics.ts:41:11
    at arrayEach (/Users/bram/Documents/projects/home-assistant/my.home-assistant.io/node_modules/rollup-plugin-typescript2/node_modules/lodash/lodash.js:516:11)
    at forEach (/Users/bram/Documents/projects/home-assistant/my.home-assistant.io/node_modules/rollup-plugin-typescript2/node_modules/lodash/lodash.js:9342:14)
    at _.each (/Users/bram/Documents/projects/home-assistant/my.home-assistant.io/node_modules/rollup-plugin-typescript2/src/print-diagnostics.ts:9:2)
    at Object.transform (/Users/bram/Documents/projects/home-assistant/my.home-assistant.io/node_modules/rollup-plugin-typescript2/src/index.ts:225:5)[22m

[33m1[39m
[2K[1G[31merror[39m Command failed with exit code 1.
[2K[1G[34minfo[39m Visit [1mhttps://yarnpkg.com/en/docs/cli/run[22m for documentation about this command.
[1m[7m%[27m[1m[0m                                                                                                                                                                     ]2;bram@MacBook-Pro-van-Bram-Kragten: ~/Documents/projects/home-assistant/my.home-assistant.io]1;..-assistant.io[0m[27m[24m[J[39m[0m[49m[40m[39m [31mâœ˜ [44m[30mî‚°[30m ~/Documents/projects/home-assistant/my.home-assistant.io [43m[34mî‚°[30m î‚  master [49m[33mî‚°[39m [K[?1h=[?2004hscript/develop[?1l>[?2004l
]2;script/develop]1;script/develop[2K[1G[1myarn run v1.22.4[22m
[2K[1G[2m$ /Users/bram/Documents/projects/home-assistant/my.home-assistant.io/node_modules/.bin/gulp gen-entrypoint-dev[22m
[[90m13:18:32[39m] Using gulpfile [35m~/Documents/projects/home-assistant/my.home-assistant.io/gulpfile.js[39m
[[90m13:18:32[39m] Starting '[36mgen-entrypoint-dev[39m'...
[[90m13:18:32[39m] Finished '[36mgen-entrypoint-dev[39m' after [35m2.34 ms[39m
[2K[1Gâœ¨  Done in 0.56s.
[2K[1G[1myarn run v1.22.4[22m
[2K[1G[1myarn run v1.22.4[22m
[2K[1G[2m$ /Users/bram/Documents/projects/home-assistant/my.home-assistant.io/node_modules/.bin/serve dist[22m
[2K[1G[2m$ /Users/bram/Documents/projects/home-assistant/my.home-assistant.io/node_modules/.bin/rollup -c --watch[22m
[41mUPDATE AVAILABLE[49m The latest version of `serve` is 11.3.2
[32m[39m
[32m   â”Œâ”€â”€â”€â”€â”€â”€â”€â”€â”€â”€â”€â”€â”€â”€â”€â”€â”€â”€â”€â”€â”€â”€â”€â”€â”€â”€â”€â”€â”€â”€â”€â”€â”€â”€â”€â”€â”€â”€â”€â”€â”€â”€â”€â”€â”€â”€â”€â”€â”€â”€â”€â”[39m
   [32mâ”‚[39m                                                   [32mâ”‚[39m
   [32mâ”‚[39m   [32mServing![39m                                        [32mâ”‚[39m
   [32mâ”‚[39m                                                   [32mâ”‚[39m
   [32mâ”‚[39m   [1m- Local:[22m            http://localhost:60175      [32mâ”‚[39m
   [32mâ”‚[39m   [1m- On Your Network:[22m  http://192.168.1.65:60175[31m[39m   [32mâ”‚[39m
   [32mâ”‚[39m   [31m[39m                                                [32mâ”‚[39m
   [32mâ”‚[39m   [31mThis port was picked because [4m5000[24m is in use.[39m    [32mâ”‚[39m
   [32mâ”‚[39m                                                   [32mâ”‚[39m
   [32mâ”‚[39m   [90mCopied local address to clipboard![39m              [32mâ”‚[39m
   [32mâ”‚[39m                                                   [32mâ”‚[39m
[32m   â””â”€â”€â”€â”€â”€â”€â”€â”€â”€â”€â”€â”€â”€â”€â”€â”€â”€â”€â”€â”€â”€â”€â”€â”€â”€â”€â”€â”€â”€â”€â”€â”€â”€â”€â”€â”€â”€â”€â”€â”€â”€â”€â”€â”€â”€â”€â”€â”€â”€â”€â”€â”˜[39m
[32m[39m
c[4mrollup v1.19.4[24m
[36mbundles [1m./src/entrypoints/app.ts[22m â†’ [1mdist[22m...[39m
[1m[!] [31m[1mError: Could not resolve '../../../../src/components/ha-icon' from src/layout/my-main.ts[1m[39m[22m
[2mError: Could not resolve '../../../../src/components/ha-icon' from src/layout/my-main.ts
    at error (/Users/bram/Documents/projects/home-assistant/my.home-assistant.io/node_modules/rollup/dist/rollup.js:9435:30)
    at ModuleLoader.handleMissingImports (/Users/bram/Documents/projects/home-assistant/my.home-assistant.io/node_modules/rollup/dist/rollup.js:16504:17)
    at ModuleLoader.<anonymous> (/Users/bram/Documents/projects/home-assistant/my.home-assistant.io/node_modules/rollup/dist/rollup.js:16555:26)
    at Generator.next (<anonymous>)
    at fulfilled (/Users/bram/Documents/projects/home-assistant/my.home-assistant.io/node_modules/rollup/dist/rollup.js:40:28)[22m

[33m1[39m
[2K[1G[31merror[39m Command failed with exit code 1.
[2K[1G[34minfo[39m Visit [1mhttps://yarnpkg.com/en/docs/cli/run[22m for documentation about this command.
[1m[7m%[27m[1m[0m                                                                                                                                                                     ]2;bram@MacBook-Pro-van-Bram-Kragten: ~/Documents/projects/home-assistant/my.home-assistant.io]1;..-assistant.io[0m[27m[24m[J[39m[0m[49m[40m[39m [31mâœ˜ [44m[30mî‚°[30m ~/Documents/projects/home-assistant/my.home-assistant.io [43m[34mî‚°[30m î‚  master [49m[33mî‚°[39m [K[?1h=[?2004hscript/develop[?1l>[?2004l
]2;script/develop]1;script/develop[2K[1G[1myarn run v1.22.4[22m
[2K[1G[2m$ /Users/bram/Documents/projects/home-assistant/my.home-assistant.io/node_modules/.bin/gulp gen-entrypoint-dev[22m
[[90m13:19:02[39m] Using gulpfile [35m~/Documents/projects/home-assistant/my.home-assistant.io/gulpfile.js[39m
[[90m13:19:02[39m] Starting '[36mgen-entrypoint-dev[39m'...
[[90m13:19:02[39m] Finished '[36mgen-entrypoint-dev[39m' after [35m2.19 ms[39m
[2K[1Gâœ¨  Done in 0.55s.
[2K[1G[1myarn run v1.22.4[22m
[2K[1G[1myarn run v1.22.4[22m
[2K[1G[2m$ /Users/bram/Documents/projects/home-assistant/my.home-assistant.io/node_modules/.bin/serve dist[22m
[2K[1G[2m$ /Users/bram/Documents/projects/home-assistant/my.home-assistant.io/node_modules/.bin/rollup -c --watch[22m
[41mUPDATE AVAILABLE[49m The latest version of `serve` is 11.3.2
[32m[39m
[32m   â”Œâ”€â”€â”€â”€â”€â”€â”€â”€â”€â”€â”€â”€â”€â”€â”€â”€â”€â”€â”€â”€â”€â”€â”€â”€â”€â”€â”€â”€â”€â”€â”€â”€â”€â”€â”€â”€â”€â”€â”€â”€â”€â”€â”€â”€â”€â”€â”€â”€â”€â”€â”€â”[39m
   [32mâ”‚[39m                                                   [32mâ”‚[39m
   [32mâ”‚[39m   [32mServing![39m                                        [32mâ”‚[39m
   [32mâ”‚[39m                                                   [32mâ”‚[39m
   [32mâ”‚[39m   [1m- Local:[22m            http://localhost:60325      [32mâ”‚[39m
   [32mâ”‚[39m   [1m- On Your Network:[22m  http://192.168.1.65:60325[31m[39m   [32mâ”‚[39m
   [32mâ”‚[39m   [31m[39m                                                [32mâ”‚[39m
   [32mâ”‚[39m   [31mThis port was picked because [4m5000[24m is in use.[39m    [32mâ”‚[39m
   [32mâ”‚[39m                                                   [32mâ”‚[39m
   [32mâ”‚[39m   [90mCopied local address to clipboard![39m              [32mâ”‚[39m
   [32mâ”‚[39m                                                   [32mâ”‚[39m
[32m   â””â”€â”€â”€â”€â”€â”€â”€â”€â”€â”€â”€â”€â”€â”€â”€â”€â”€â”€â”€â”€â”€â”€â”€â”€â”€â”€â”€â”€â”€â”€â”€â”€â”€â”€â”€â”€â”€â”€â”€â”€â”€â”€â”€â”€â”€â”€â”€â”€â”€â”€â”€â”˜[39m
[32m[39m
c[4mrollup v1.19.4[24m
[36mbundles [1m./src/entrypoints/app.ts[22m â†’ [1mdist[22m...[39m
[32mcreated [1mdist[22m in [1m2.3s[22m[39m

[2021-02-04 13:19:05] waiting for changes...
c[4mrollup v1.19.4[24m
[36mbundles [1m./src/entrypoints/app.ts[22m â†’ [1mdist[22m...[39m
[32mcreated [1mdist[22m in [1m1.4s[22m[39m

[2021-02-04 13:22:10] waiting for changes...
^C
[35mINFO:[39m Gracefully shutting down. Please wait...

[1m[7m%[27m[1m[0m                                                                                                                                                                     ]2;bram@MacBook-Pro-van-Bram-Kragten: ~/Documents/projects/home-assistant/my.home-assistant.io]1;..-assistant.io[0m[27m[24m[J[39m[0m[49m[40m[39m [31mâœ˜ [44m[30mî‚°[30m ~/Documents/projects/home-assistant/my.home-assistant.io [43m[34mî‚°[30m î‚  master [49m[33mî‚°[39m [K[?1h=[?2004hscript/develop[?1l>[?2004l
]2;script/develop]1;script/develop[2K[1G[1myarn run v1.22.4[22m
[2K[1G[2m$ /Users/bram/Documents/projects/home-assistant/my.home-assistant.io/node_modules/.bin/gulp gen-entrypoint-dev[22m
[[90m13:25:00[39m] Using gulpfile [35m~/Documents/projects/home-assistant/my.home-assistant.io/gulpfile.js[39m
[[90m13:25:00[39m] Starting '[36mgen-entrypoint-dev[39m'...
[[90m13:25:00[39m] Finished '[36mgen-entrypoint-dev[39m' after [35m1.73 ms[39m
[2K[1Gâœ¨  Done in 0.81s.
[2K[1G[1myarn run v1.22.4[22m
[2K[1G[1myarn run v1.22.4[22m
[2K[1G[2m$ /Users/bram/Documents/projects/home-assistant/my.home-assistant.io/node_modules/.bin/serve dist[22m
[2K[1G[2m$ /Users/bram/Documents/projects/home-assistant/my.home-assistant.io/node_modules/.bin/rollup -c --watch[22m
[41mUPDATE AVAILABLE[49m The latest version of `serve` is 11.3.2
[32m[39m
[32m   â”Œâ”€â”€â”€â”€â”€â”€â”€â”€â”€â”€â”€â”€â”€â”€â”€â”€â”€â”€â”€â”€â”€â”€â”€â”€â”€â”€â”€â”€â”€â”€â”€â”€â”€â”€â”€â”€â”€â”€â”€â”€â”€â”€â”€â”€â”€â”€â”€â”€â”€â”€â”€â”[39m
   [32mâ”‚[39m                                                   [32mâ”‚[39m
   [32mâ”‚[39m   [32mServing![39m                                        [32mâ”‚[39m
   [32mâ”‚[39m                                                   [32mâ”‚[39m
   [32mâ”‚[39m   [1m- Local:[22m            http://localhost:62169      [32mâ”‚[39m
   [32mâ”‚[39m   [1m- On Your Network:[22m  http://192.168.1.65:62169[31m[39m   [32mâ”‚[39m
   [32mâ”‚[39m   [31m[39m                                                [32mâ”‚[39m
   [32mâ”‚[39m   [31mThis port was picked because [4m5000[24m is in use.[39m    [32mâ”‚[39m
   [32mâ”‚[39m                                                   [32mâ”‚[39m
   [32mâ”‚[39m   [90mCopied local address to clipboard![39m              [32mâ”‚[39m
   [32mâ”‚[39m                                                   [32mâ”‚[39m
[32m   â””â”€â”€â”€â”€â”€â”€â”€â”€â”€â”€â”€â”€â”€â”€â”€â”€â”€â”€â”€â”€â”€â”€â”€â”€â”€â”€â”€â”€â”€â”€â”€â”€â”€â”€â”€â”€â”€â”€â”€â”€â”€â”€â”€â”€â”€â”€â”€â”€â”€â”€â”€â”˜[39m
[32m[39m
c[4mrollup v1.19.4[24m
[36mbundles [1m./src/entrypoints/app.ts[22m â†’ [1mdist[22m...[39m
[32mcreated [1mdist[22m in [1m2.2s[22m[39m

[2021-02-04 13:25:03] waiting for changes...
^C
[35mINFO:[39m Gracefully shutting down. Please wait...

[1m[7m%[27m[1m[0m                                                                                                                                                                     ]2;bram@MacBook-Pro-van-Bram-Kragten: ~/Documents/projects/home-assistant/my.home-assistant.io]1;..-assistant.io[0m[27m[24m[J[39m[0m[49m[40m[39m [31mâœ˜ [44m[30mî‚°[30m ~/Documents/projects/home-assistant/my.home-assistant.io [43m[34mî‚°[30m î‚  master [49m[33mî‚°[39m [K[?1h=[?2004hscript/develop[?1l>[?2004l
]2;script/develop]1;script/develop[2K[1G[1myarn run v1.22.4[22m
[2K[1G[2m$ /Users/bram/Documents/projects/home-assistant/my.home-assistant.io/node_modules/.bin/gulp gen-entrypoint-dev[22m
[[90m13:26:20[39m] Using gulpfile [35m~/Documents/projects/home-assistant/my.home-assistant.io/gulpfile.js[39m
[[90m13:26:20[39m] Starting '[36mgen-entrypoint-dev[39m'...
[[90m13:26:20[39m] Finished '[36mgen-entrypoint-dev[39m' after [35m1.75 ms[39m
[2K[1Gâœ¨  Done in 0.42s.
[2K[1G[1myarn run v1.22.4[22m
[2K[1G[1myarn run v1.22.4[22m
[2K[1G[2m$ /Users/bram/Documents/projects/home-assistant/my.home-assistant.io/node_modules/.bin/serve dist[22m
[2K[1G[2m$ /Users/bram/Documents/projects/home-assistant/my.home-assistant.io/node_modules/.bin/rollup -c --watch[22m
[41mUPDATE AVAILABLE[49m The latest version of `serve` is 11.3.2
[32m[39m
[32m   â”Œâ”€â”€â”€â”€â”€â”€â”€â”€â”€â”€â”€â”€â”€â”€â”€â”€â”€â”€â”€â”€â”€â”€â”€â”€â”€â”€â”€â”€â”€â”€â”€â”€â”€â”€â”€â”€â”€â”€â”€â”€â”€â”€â”€â”€â”€â”€â”€â”€â”€â”€â”€â”[39m
   [32mâ”‚[39m                                                   [32mâ”‚[39m
   [32mâ”‚[39m   [32mServing![39m                                        [32mâ”‚[39m
   [32mâ”‚[39m                                                   [32mâ”‚[39m
   [32mâ”‚[39m   [1m- Local:[22m            http://localhost:62573      [32mâ”‚[39m
   [32mâ”‚[39m   [1m- On Your Network:[22m  http://192.168.1.65:62573[31m[39m   [32mâ”‚[39m
   [32mâ”‚[39m   [31m[39m                                                [32mâ”‚[39m
   [32mâ”‚[39m   [31mThis port was picked because [4m5000[24m is in use.[39m    [32mâ”‚[39m
   [32mâ”‚[39m                                                   [32mâ”‚[39m
   [32mâ”‚[39m   [90mCopied local address to clipboard![39m              [32mâ”‚[39m
   [32mâ”‚[39m                                                   [32mâ”‚[39m
[32m   â””â”€â”€â”€â”€â”€â”€â”€â”€â”€â”€â”€â”€â”€â”€â”€â”€â”€â”€â”€â”€â”€â”€â”€â”€â”€â”€â”€â”€â”€â”€â”€â”€â”€â”€â”€â”€â”€â”€â”€â”€â”€â”€â”€â”€â”€â”€â”€â”€â”€â”€â”€â”˜[39m
[32m[39m
c[4mrollup v1.19.4[24m
[36mbundles [1m./src/entrypoints/app.ts[22m â†’ [1mdist[22m...[39m
[32mcreated [1mdist[22m in [1m1.8s[22m[39m

[2021-02-04 13:26:22] waiting for changes...
c[4mrollup v1.19.4[24m
[36mbundles [1m./src/entrypoints/app.ts[22m â†’ [1mdist[22m...[39m
[1m[!] [31m[1mError: Transform dependency /Users/bram/Documents/projects/home-assistant/my.home-assistant.io/src/components/my-card.ts does not exist.[1m[39m[22m
[2mError: Transform dependency /Users/bram/Documents/projects/home-assistant/my.home-assistant.io/src/components/my-card.ts does not exist.
    at addTask (/Users/bram/Documents/projects/home-assistant/my.home-assistant.io/node_modules/rollup/dist/rollup.js:20541:19)
    at Task.watchFile (/Users/bram/Documents/projects/home-assistant/my.home-assistant.io/node_modules/rollup/dist/rollup.js:20837:9)
    at /Users/bram/Documents/projects/home-assistant/my.home-assistant.io/node_modules/rollup/dist/rollup.js:20817:38
    at Array.forEach (<anonymous>)
    at /Users/bram/Documents/projects/home-assistant/my.home-assistant.io/node_modules/rollup/dist/rollup.js:20816:58
    at Array.forEach (<anonymous>)
    at /Users/bram/Documents/projects/home-assistant/my.home-assistant.io/node_modules/rollup/dist/rollup.js:20814:40[22m

c[4mrollup v1.19.4[24m
[36mbundles [1m./src/entrypoints/app.ts[22m â†’ [1mdist[22m...[39m
[32mcreated [1mdist[22m in [1m1.2s[22m[39m

[2021-02-04 13:29:40] waiting for changes...
c[4mrollup v1.19.4[24m
[36mbundles [1m./src/entrypoints/app.ts[22m â†’ [1mdist[22m...[39m
[32mcreated [1mdist[22m in [1m1s[22m[39m

[2021-02-04 13:29:56] waiting for changes...
c[4mrollup v1.19.4[24m
[36mbundles [1m./src/entrypoints/app.ts[22m â†’ [1mdist[22m...[39m
[32mcreated [1mdist[22m in [1m1.1s[22m[39m

[2021-02-04 13:30:16] waiting for changes...
c[4mrollup v1.19.4[24m
[36mbundles [1m./src/entrypoints/app.ts[22m â†’ [1mdist[22m...[39m
[32mcreated [1mdist[22m in [1m1.1s[22m[39m

[2021-02-04 13:32:57] waiting for changes...
^C
[35mINFO:[39m Gracefully shutting down. Please wait...

[1m[7m%[27m[1m[0m                                                                                                                                                                     ]2;bram@MacBook-Pro-van-Bram-Kragten: ~/Documents/projects/home-assistant/my.home-assistant.io]1;..-assistant.io[0m[27m[24m[J[39m[0m[49m[40m[39m [31mâœ˜ [44m[30mî‚°[30m ~/Documents/projects/home-assistant/my.home-assistant.io [43m[34mî‚°[30m î‚  master [49m[33mî‚°[39m [K[?1h=[?2004hscript/develop[?1l>[?2004l
]2;script/develop]1;script/develop[2K[1G[1myarn run v1.22.4[22m
[2K[1G[2m$ /Users/bram/Documents/projects/home-assistant/my.home-assistant.io/node_modules/.bin/gulp gen-entrypoint-dev[22m
[[90m13:33:03[39m] Using gulpfile [35m~/Documents/projects/home-assistant/my.home-assistant.io/gulpfile.js[39m
[[90m13:33:03[39m] Starting '[36mgen-entrypoint-dev[39m'...
[[90m13:33:03[39m] Finished '[36mgen-entrypoint-dev[39m' after [35m1.72 ms[39m
[2K[1Gâœ¨  Done in 0.55s.
[2K[1G[1myarn run v1.22.4[22m
[2K[1G[1myarn run v1.22.4[22m
[2K[2K[1G[1G[2m$ /Users/bram/Documents/projects/home-assistant/my.home-assistant.io/node_modules/.bin/rollup -c --watch[22m
[2m$ /Users/bram/Documents/projects/home-assistant/my.home-assistant.io/node_modules/.bin/serve dist[22m
[41mUPDATE AVAILABLE[49m The latest version of `serve` is 11.3.2
[32m[39m
[32m   â”Œâ”€â”€â”€â”€â”€â”€â”€â”€â”€â”€â”€â”€â”€â”€â”€â”€â”€â”€â”€â”€â”€â”€â”€â”€â”€â”€â”€â”€â”€â”€â”€â”€â”€â”€â”€â”€â”€â”€â”€â”€â”€â”€â”€â”€â”€â”€â”€â”€â”€â”€â”€â”[39m
   [32mâ”‚[39m                                                   [32mâ”‚[39m
   [32mâ”‚[39m   [32mServing![39m                                        [32mâ”‚[39m
   [32mâ”‚[39m                                                   [32mâ”‚[39m
   [32mâ”‚[39m   [1m- Local:[22m            http://localhost:64627      [32mâ”‚[39m
   [32mâ”‚[39m   [1m- On Your Network:[22m  http://192.168.1.65:64627[31m[39m   [32mâ”‚[39m
   [32mâ”‚[39m   [31m[39m                                                [32mâ”‚[39m
   [32mâ”‚[39m   [31mThis port was picked because [4m5000[24m is in use.[39m    [32mâ”‚[39m
   [32mâ”‚[39m                                                   [32mâ”‚[39m
   [32mâ”‚[39m   [90mCopied local address to clipboard![39m              [32mâ”‚[39m
   [32mâ”‚[39m                                                   [32mâ”‚[39m
[32m   â””â”€â”€â”€â”€â”€â”€â”€â”€â”€â”€â”€â”€â”€â”€â”€â”€â”€â”€â”€â”€â”€â”€â”€â”€â”€â”€â”€â”€â”€â”€â”€â”€â”€â”€â”€â”€â”€â”€â”€â”€â”€â”€â”€â”€â”€â”€â”€â”€â”€â”€â”€â”˜[39m
[32m[39m
c[4mrollup v1.19.4[24m
[36mbundles [1m./src/entrypoints/app.ts[22m â†’ [1mdist[22m...[39m
[32mcreated [1mdist[22m in [1m2.1s[22m[39m

[2021-02-04 13:33:06] waiting for changes...
c[4mrollup v1.19.4[24m
[36mbundles [1m./src/entrypoints/app.ts[22m â†’ [1mdist[22m...[39m
[32mcreated [1mdist[22m in [1m1.2s[22m[39m

[2021-02-04 13:34:09] waiting for changes...
^C
[35mINFO:[39m Gracefully shutting down. Please wait...

[1m[7m%[27m[1m[0m                                                                                                                                                                     ]2;bram@MacBook-Pro-van-Bram-Kragten: ~/Documents/projects/home-assistant/my.home-assistant.io]1;..-assistant.io[0m[27m[24m[J[39m[0m[49m[40m[39m [31mâœ˜ [44m[30mî‚°[30m ~/Documents/projects/home-assistant/my.home-assistant.io [43m[34mî‚°[30m î‚  master [49m[33mî‚°[39m [K[?1h=[?2004hscript/develop[?1l>[?2004l
]2;script/develop]1;script/develop[2K[1G[1myarn run v1.22.4[22m
[2K[1G[2m$ /Users/bram/Documents/projects/home-assistant/my.home-assistant.io/node_modules/.bin/gulp gen-entrypoint-dev[22m
[[90m13:35:28[39m] Using gulpfile [35m~/Documents/projects/home-assistant/my.home-assistant.io/gulpfile.js[39m
[[90m13:35:28[39m] Starting '[36mgen-entrypoint-dev[39m'...
[[90m13:35:28[39m] Finished '[36mgen-entrypoint-dev[39m' after [35m1.76 ms[39m
[2K[1Gâœ¨  Done in 0.45s.
[2K[1G[1myarn run v1.22.4[22m
[2K[1G[1myarn run v1.22.4[22m
[2K[1G[2m$ /Users/bram/Documents/projects/home-assistant/my.home-assistant.io/node_modules/.bin/serve dist[22m
[2K[1G[2m$ /Users/bram/Documents/projects/home-assistant/my.home-assistant.io/node_modules/.bin/rollup -c --watch[22m
[41mUPDATE AVAILABLE[49m The latest version of `serve` is 11.3.2
[32m[39m
[32m   â”Œâ”€â”€â”€â”€â”€â”€â”€â”€â”€â”€â”€â”€â”€â”€â”€â”€â”€â”€â”€â”€â”€â”€â”€â”€â”€â”€â”€â”€â”€â”€â”€â”€â”€â”€â”€â”€â”€â”€â”€â”€â”€â”€â”€â”€â”€â”€â”€â”€â”€â”€â”€â”[39m
   [32mâ”‚[39m                                                   [32mâ”‚[39m
   [32mâ”‚[39m   [32mServing![39m                                        [32mâ”‚[39m
   [32mâ”‚[39m                                                   [32mâ”‚[39m
   [32mâ”‚[39m   [1m- Local:[22m            http://localhost:65382      [32mâ”‚[39m
   [32mâ”‚[39m   [1m- On Your Network:[22m  http://192.168.1.65:65382[31m[39m   [32mâ”‚[39m
   [32mâ”‚[39m   [31m[39m                                                [32mâ”‚[39m
   [32mâ”‚[39m   [31mThis port was picked because [4m5000[24m is in use.[39m    [32mâ”‚[39m
   [32mâ”‚[39m                                                   [32mâ”‚[39m
   [32mâ”‚[39m   [90mCopied local address to clipboard![39m              [32mâ”‚[39m
   [32mâ”‚[39m                                                   [32mâ”‚[39m
[32m   â””â”€â”€â”€â”€â”€â”€â”€â”€â”€â”€â”€â”€â”€â”€â”€â”€â”€â”€â”€â”€â”€â”€â”€â”€â”€â”€â”€â”€â”€â”€â”€â”€â”€â”€â”€â”€â”€â”€â”€â”€â”€â”€â”€â”€â”€â”€â”€â”€â”€â”€â”€â”˜[39m
[32m[39m
c[4mrollup v1.19.4[24m
[36mbundles [1m./src/entrypoints/app.ts[22m â†’ [1mdist[22m...[39m
[32mcreated [1mdist[22m in [1m2.2s[22m[39m

[2021-02-04 13:35:31] waiting for changes...
c[4mrollup v1.19.4[24m
[36mbundles [1m./src/entrypoints/app.ts[22m â†’ [1mdist[22m...[39m
[1m[!] [31m[1m(plugin rpt2) Error: /Users/bram/Documents/projects/home-assistant/my.home-assistant.io/src/layout/my-main.ts(40,34): semantic error TS2663: [31mCannot find name '_handleConnect'. Did you mean the instance member 'this._handleConnect'?[31m[1m[39m[22m
src/layout/my-main.ts
[2mError: /Users/bram/Documents/projects/home-assistant/my.home-assistant.io/src/layout/my-main.ts(40,34): semantic error TS2663: [31mCannot find name '_handleConnect'. Did you mean the instance member 'this._handleConnect'?[39m
    at error (/Users/bram/Documents/projects/home-assistant/my.home-assistant.io/node_modules/rollup/dist/rollup.js:9435:30)
    at throwPluginError (/Users/bram/Documents/projects/home-assistant/my.home-assistant.io/node_modules/rollup/dist/rollup.js:15754:12)
    at Object.error (/Users/bram/Documents/projects/home-assistant/my.home-assistant.io/node_modules/rollup/dist/rollup.js:15809:24)
    at Object.error (/Users/bram/Documents/projects/home-assistant/my.home-assistant.io/node_modules/rollup/dist/rollup.js:16192:38)
    at RollupContext.error (/Users/bram/Documents/projects/home-assistant/my.home-assistant.io/node_modules/rollup-plugin-typescript2/src/rollupcontext.ts:37:18)
    at /Users/bram/Documents/projects/home-assistant/my.home-assistant.io/node_modules/rollup-plugin-typescript2/src/print-diagnostics.ts:41:11
    at arrayEach (/Users/bram/Documents/projects/home-assistant/my.home-assistant.io/node_modules/rollup-plugin-typescript2/node_modules/lodash/lodash.js:516:11)
    at forEach (/Users/bram/Documents/projects/home-assistant/my.home-assistant.io/node_modules/rollup-plugin-typescript2/node_modules/lodash/lodash.js:9342:14)
    at _.each (/Users/bram/Documents/projects/home-assistant/my.home-assistant.io/node_modules/rollup-plugin-typescript2/src/print-diagnostics.ts:9:2)
    at Object.transform (/Users/bram/Documents/projects/home-assistant/my.home-assistant.io/node_modules/rollup-plugin-typescript2/src/index.ts:225:5)[22m

c[4mrollup v1.19.4[24m
[36mbundles [1m./src/entrypoints/app.ts[22m â†’ [1mdist[22m...[39m
[32mcreated [1mdist[22m in [1m971ms[22m[39m

[2021-02-04 13:39:14] waiting for changes...
